!SESSION 2022-06-15 16:20:52.761 -----------------------------------------------
eclipse.buildId=unknown
java.version=11.0.6
java.vendor=Oracle Corporation
BootLoader constants: OS=win32, ARCH=x86_64, WS=win32, NL=de_DE
Framework arguments:  aggregate --buildModel=../dependencies.aggr --action=CLEAN_BUILD
Command-line arguments:  aggregate --buildModel=../dependencies.aggr --action=CLEAN_BUILD

!ENTRY org.eclipse.cbi.p2repo.util 4 -1826163001 2022-06-15 16:20:53.623
!MESSAGE Build failed! Exception was org.eclipse.core.runtime.CoreException: Specified build model file does not exist
!STACK 1
org.eclipse.core.runtime.CoreException: Specified build model file does not exist
	at org.eclipse.cbi.p2repo.util.ExceptionUtils.fromMessage(ExceptionUtils.java:53)
	at org.eclipse.cbi.p2repo.util.ExceptionUtils.fromMessage(ExceptionUtils.java:49)
	at org.eclipse.cbi.p2repo.aggregator.engine.ModelAbstractCommand.loadModelFromFile(ModelAbstractCommand.java:50)
	at org.eclipse.cbi.p2repo.aggregator.engine.Builder.loadModel(Builder.java:1201)
	at org.eclipse.cbi.p2repo.aggregator.engine.Builder.run(Builder.java:1634)
	at org.eclipse.cbi.p2repo.aggregator.engine.Builder.run(Builder.java:1755)
	at org.eclipse.cbi.p2repo.cli.AbstractCommand.run(AbstractCommand.java:134)
	at org.eclipse.cbi.p2repo.cli.Headless.run(Headless.java:161)
	at org.eclipse.cbi.p2repo.cli.Headless.start(Headless.java:198)
	at org.eclipse.equinox.internal.app.EclipseAppHandle.run(EclipseAppHandle.java:203)
	at org.eclipse.core.runtime.internal.adaptor.EclipseAppLauncher.runApplication(EclipseAppLauncher.java:137)
	at org.eclipse.core.runtime.internal.adaptor.EclipseAppLauncher.start(EclipseAppLauncher.java:107)
	at org.eclipse.core.runtime.adaptor.EclipseStarter.run(EclipseStarter.java:400)
	at org.eclipse.core.runtime.adaptor.EclipseStarter.run(EclipseStarter.java:255)
	at java.base/jdk.internal.reflect.NativeMethodAccessorImpl.invoke0(Native Method)
	at java.base/jdk.internal.reflect.NativeMethodAccessorImpl.invoke(NativeMethodAccessorImpl.java:62)
	at java.base/jdk.internal.reflect.DelegatingMethodAccessorImpl.invoke(DelegatingMethodAccessorImpl.java:43)
	at java.base/java.lang.reflect.Method.invoke(Method.java:566)
	at org.eclipse.equinox.launcher.Main.invokeFramework(Main.java:660)
	at org.eclipse.equinox.launcher.Main.basicRun(Main.java:597)
	at org.eclipse.equinox.launcher.Main.run(Main.java:1468)
	at org.eclipse.equinox.launcher.Main.main(Main.java:1441)
!SUBENTRY 1 org.eclipse.cbi.p2repo.util 4 0 2022-06-15 16:20:53.623
!MESSAGE Specified build model file does not exist
